INFO [2020-04-07 11:04:29] $x
INFO [2020-04-07 11:04:29] list(rownames(NA18855_markers), rownames(NA19160_markers), rownames(NA18856_markers))
INFO [2020-04-07 11:04:29] 
INFO [2020-04-07 11:04:29] $category.names
INFO [2020-04-07 11:04:29] c("0 vs 1", "2 vs 4", "3 vs 5")
INFO [2020-04-07 11:04:29] 
INFO [2020-04-07 11:04:29] $filename
INFO [2020-04-07 11:04:29] [1] "output/venn_diagram.png"
INFO [2020-04-07 11:04:29] 
INFO [2020-04-07 11:04:29] $output
INFO [2020-04-07 11:04:29] [1] TRUE
INFO [2020-04-07 11:04:29] 
INFO [2020-04-07 11:04:29] $imagetype
INFO [2020-04-07 11:04:29] [1] "png"
INFO [2020-04-07 11:04:29] 
INFO [2020-04-07 11:04:29] $height
INFO [2020-04-07 11:04:29] [1] 480
INFO [2020-04-07 11:04:29] 
INFO [2020-04-07 11:04:29] $width
INFO [2020-04-07 11:04:29] [1] 480
INFO [2020-04-07 11:04:29] 
INFO [2020-04-07 11:04:29] $resolution
INFO [2020-04-07 11:04:29] [1] 300
INFO [2020-04-07 11:04:29] 
INFO [2020-04-07 11:04:29] $compression
INFO [2020-04-07 11:04:29] [1] "lzw"
INFO [2020-04-07 11:04:29] 
INFO [2020-04-07 11:04:29] $lwd
INFO [2020-04-07 11:04:29] [1] 2
INFO [2020-04-07 11:04:29] 
INFO [2020-04-07 11:04:29] $lty
INFO [2020-04-07 11:04:29] [1] "blank"
INFO [2020-04-07 11:04:29] 
INFO [2020-04-07 11:04:29] $fill
INFO [2020-04-07 11:04:29] myCol
INFO [2020-04-07 11:04:29] 
INFO [2020-04-07 11:04:29] $cex
INFO [2020-04-07 11:04:29] [1] 0.6
INFO [2020-04-07 11:04:29] 
INFO [2020-04-07 11:04:29] $fontface
INFO [2020-04-07 11:04:29] [1] "bold"
INFO [2020-04-07 11:04:29] 
INFO [2020-04-07 11:04:29] $fontfamily
INFO [2020-04-07 11:04:29] [1] "sans"
INFO [2020-04-07 11:04:29] 
INFO [2020-04-07 11:04:29] $cat.cex
INFO [2020-04-07 11:04:29] [1] 0.6
INFO [2020-04-07 11:04:29] 
INFO [2020-04-07 11:04:29] $cat.fontface
INFO [2020-04-07 11:04:29] [1] "bold"
INFO [2020-04-07 11:04:29] 
INFO [2020-04-07 11:04:29] $cat.default.pos
INFO [2020-04-07 11:04:29] [1] "outer"
INFO [2020-04-07 11:04:29] 
INFO [2020-04-07 11:04:29] $cat.pos
INFO [2020-04-07 11:04:29] c(-27, 27, 135)
INFO [2020-04-07 11:04:29] 
INFO [2020-04-07 11:04:29] $cat.dist
INFO [2020-04-07 11:04:29] c(0.055, 0.055, 0.085)
INFO [2020-04-07 11:04:29] 
INFO [2020-04-07 11:04:29] $cat.fontfamily
INFO [2020-04-07 11:04:29] [1] "sans"
INFO [2020-04-07 11:04:29] 
INFO [2020-04-07 11:04:29] $rotation
INFO [2020-04-07 11:04:29] [1] 1
INFO [2020-04-07 11:04:29] 
