INFO [2020-04-13 18:18:44] $x
INFO [2020-04-13 18:18:44] list(rownames(NA18855_markers), rownames(NA19160_markers), rownames(NA18856_markers))
INFO [2020-04-13 18:18:44] 
INFO [2020-04-13 18:18:44] $category.names
INFO [2020-04-13 18:18:44] c("0 vs 1", "2 vs 4", "3 vs 5")
INFO [2020-04-13 18:18:44] 
INFO [2020-04-13 18:18:44] $filename
INFO [2020-04-13 18:18:44] [1] "output/venn_diagram.png"
INFO [2020-04-13 18:18:44] 
INFO [2020-04-13 18:18:44] $output
INFO [2020-04-13 18:18:44] [1] TRUE
INFO [2020-04-13 18:18:44] 
INFO [2020-04-13 18:18:44] $imagetype
INFO [2020-04-13 18:18:44] [1] "png"
INFO [2020-04-13 18:18:44] 
INFO [2020-04-13 18:18:44] $height
INFO [2020-04-13 18:18:44] [1] 480
INFO [2020-04-13 18:18:44] 
INFO [2020-04-13 18:18:44] $width
INFO [2020-04-13 18:18:44] [1] 480
INFO [2020-04-13 18:18:44] 
INFO [2020-04-13 18:18:44] $resolution
INFO [2020-04-13 18:18:44] [1] 300
INFO [2020-04-13 18:18:44] 
INFO [2020-04-13 18:18:44] $compression
INFO [2020-04-13 18:18:44] [1] "lzw"
INFO [2020-04-13 18:18:44] 
INFO [2020-04-13 18:18:44] $lwd
INFO [2020-04-13 18:18:44] [1] 2
INFO [2020-04-13 18:18:44] 
INFO [2020-04-13 18:18:44] $lty
INFO [2020-04-13 18:18:44] [1] "blank"
INFO [2020-04-13 18:18:44] 
INFO [2020-04-13 18:18:44] $fill
INFO [2020-04-13 18:18:44] myCol
INFO [2020-04-13 18:18:44] 
INFO [2020-04-13 18:18:44] $cex
INFO [2020-04-13 18:18:44] [1] 0.6
INFO [2020-04-13 18:18:44] 
INFO [2020-04-13 18:18:44] $fontface
INFO [2020-04-13 18:18:44] [1] "bold"
INFO [2020-04-13 18:18:44] 
INFO [2020-04-13 18:18:44] $fontfamily
INFO [2020-04-13 18:18:44] [1] "sans"
INFO [2020-04-13 18:18:44] 
INFO [2020-04-13 18:18:44] $cat.cex
INFO [2020-04-13 18:18:44] [1] 0.6
INFO [2020-04-13 18:18:44] 
INFO [2020-04-13 18:18:44] $cat.fontface
INFO [2020-04-13 18:18:44] [1] "bold"
INFO [2020-04-13 18:18:44] 
INFO [2020-04-13 18:18:44] $cat.default.pos
INFO [2020-04-13 18:18:44] [1] "outer"
INFO [2020-04-13 18:18:44] 
INFO [2020-04-13 18:18:44] $cat.pos
INFO [2020-04-13 18:18:44] c(-27, 27, 135)
INFO [2020-04-13 18:18:44] 
INFO [2020-04-13 18:18:44] $cat.dist
INFO [2020-04-13 18:18:44] c(0.055, 0.055, 0.085)
INFO [2020-04-13 18:18:44] 
INFO [2020-04-13 18:18:44] $cat.fontfamily
INFO [2020-04-13 18:18:44] [1] "sans"
INFO [2020-04-13 18:18:44] 
INFO [2020-04-13 18:18:44] $rotation
INFO [2020-04-13 18:18:44] [1] 1
INFO [2020-04-13 18:18:44] 
