INFO [2020-04-07 11:14:38] $x
INFO [2020-04-07 11:14:38] list(rownames(NA18855_markers), rownames(NA19160_markers), rownames(NA18856_markers))
INFO [2020-04-07 11:14:38] 
INFO [2020-04-07 11:14:38] $category.names
INFO [2020-04-07 11:14:38] c("0 vs 1", "2 vs 4", "3 vs 5")
INFO [2020-04-07 11:14:38] 
INFO [2020-04-07 11:14:38] $filename
INFO [2020-04-07 11:14:38] [1] "output/venn_diagram.png"
INFO [2020-04-07 11:14:38] 
INFO [2020-04-07 11:14:38] $output
INFO [2020-04-07 11:14:38] [1] TRUE
INFO [2020-04-07 11:14:38] 
INFO [2020-04-07 11:14:38] $imagetype
INFO [2020-04-07 11:14:38] [1] "png"
INFO [2020-04-07 11:14:38] 
INFO [2020-04-07 11:14:38] $height
INFO [2020-04-07 11:14:38] [1] 480
INFO [2020-04-07 11:14:38] 
INFO [2020-04-07 11:14:38] $width
INFO [2020-04-07 11:14:38] [1] 480
INFO [2020-04-07 11:14:38] 
INFO [2020-04-07 11:14:38] $resolution
INFO [2020-04-07 11:14:38] [1] 300
INFO [2020-04-07 11:14:38] 
INFO [2020-04-07 11:14:38] $compression
INFO [2020-04-07 11:14:38] [1] "lzw"
INFO [2020-04-07 11:14:38] 
INFO [2020-04-07 11:14:38] $lwd
INFO [2020-04-07 11:14:38] [1] 2
INFO [2020-04-07 11:14:38] 
INFO [2020-04-07 11:14:38] $lty
INFO [2020-04-07 11:14:38] [1] "blank"
INFO [2020-04-07 11:14:38] 
INFO [2020-04-07 11:14:38] $fill
INFO [2020-04-07 11:14:38] myCol
INFO [2020-04-07 11:14:38] 
INFO [2020-04-07 11:14:38] $cex
INFO [2020-04-07 11:14:38] [1] 0.6
INFO [2020-04-07 11:14:38] 
INFO [2020-04-07 11:14:38] $fontface
INFO [2020-04-07 11:14:38] [1] "bold"
INFO [2020-04-07 11:14:38] 
INFO [2020-04-07 11:14:38] $fontfamily
INFO [2020-04-07 11:14:38] [1] "sans"
INFO [2020-04-07 11:14:38] 
INFO [2020-04-07 11:14:38] $cat.cex
INFO [2020-04-07 11:14:38] [1] 0.6
INFO [2020-04-07 11:14:38] 
INFO [2020-04-07 11:14:38] $cat.fontface
INFO [2020-04-07 11:14:38] [1] "bold"
INFO [2020-04-07 11:14:38] 
INFO [2020-04-07 11:14:38] $cat.default.pos
INFO [2020-04-07 11:14:38] [1] "outer"
INFO [2020-04-07 11:14:38] 
INFO [2020-04-07 11:14:38] $cat.pos
INFO [2020-04-07 11:14:38] c(-27, 27, 135)
INFO [2020-04-07 11:14:38] 
INFO [2020-04-07 11:14:38] $cat.dist
INFO [2020-04-07 11:14:38] c(0.055, 0.055, 0.085)
INFO [2020-04-07 11:14:38] 
INFO [2020-04-07 11:14:38] $cat.fontfamily
INFO [2020-04-07 11:14:38] [1] "sans"
INFO [2020-04-07 11:14:38] 
INFO [2020-04-07 11:14:38] $rotation
INFO [2020-04-07 11:14:38] [1] 1
INFO [2020-04-07 11:14:38] 
