INFO [2020-04-07 11:03:32] $x
INFO [2020-04-07 11:03:32] list(NA18855_markers, NA19160_markers, NA18856_markers)
INFO [2020-04-07 11:03:32] 
INFO [2020-04-07 11:03:32] $category.names
INFO [2020-04-07 11:03:32] c("0 vs 1", "2 vs 4", "3 vs 5")
INFO [2020-04-07 11:03:32] 
INFO [2020-04-07 11:03:32] $filename
INFO [2020-04-07 11:03:32] [1] "output/venn_diagram.png"
INFO [2020-04-07 11:03:32] 
INFO [2020-04-07 11:03:32] $output
INFO [2020-04-07 11:03:32] [1] TRUE
INFO [2020-04-07 11:03:32] 
INFO [2020-04-07 11:03:32] $imagetype
INFO [2020-04-07 11:03:32] [1] "png"
INFO [2020-04-07 11:03:32] 
INFO [2020-04-07 11:03:32] $height
INFO [2020-04-07 11:03:32] [1] 480
INFO [2020-04-07 11:03:32] 
INFO [2020-04-07 11:03:32] $width
INFO [2020-04-07 11:03:32] [1] 480
INFO [2020-04-07 11:03:32] 
INFO [2020-04-07 11:03:32] $resolution
INFO [2020-04-07 11:03:32] [1] 300
INFO [2020-04-07 11:03:32] 
INFO [2020-04-07 11:03:32] $compression
INFO [2020-04-07 11:03:32] [1] "lzw"
INFO [2020-04-07 11:03:32] 
INFO [2020-04-07 11:03:32] $lwd
INFO [2020-04-07 11:03:32] [1] 2
INFO [2020-04-07 11:03:32] 
INFO [2020-04-07 11:03:32] $lty
INFO [2020-04-07 11:03:32] [1] "blank"
INFO [2020-04-07 11:03:32] 
INFO [2020-04-07 11:03:32] $fill
INFO [2020-04-07 11:03:32] myCol
INFO [2020-04-07 11:03:32] 
INFO [2020-04-07 11:03:32] $cex
INFO [2020-04-07 11:03:32] [1] 0.6
INFO [2020-04-07 11:03:32] 
INFO [2020-04-07 11:03:32] $fontface
INFO [2020-04-07 11:03:32] [1] "bold"
INFO [2020-04-07 11:03:32] 
INFO [2020-04-07 11:03:32] $fontfamily
INFO [2020-04-07 11:03:32] [1] "sans"
INFO [2020-04-07 11:03:32] 
INFO [2020-04-07 11:03:32] $cat.cex
INFO [2020-04-07 11:03:32] [1] 0.6
INFO [2020-04-07 11:03:32] 
INFO [2020-04-07 11:03:32] $cat.fontface
INFO [2020-04-07 11:03:32] [1] "bold"
INFO [2020-04-07 11:03:32] 
INFO [2020-04-07 11:03:32] $cat.default.pos
INFO [2020-04-07 11:03:32] [1] "outer"
INFO [2020-04-07 11:03:32] 
INFO [2020-04-07 11:03:32] $cat.pos
INFO [2020-04-07 11:03:32] c(-27, 27, 135)
INFO [2020-04-07 11:03:32] 
INFO [2020-04-07 11:03:32] $cat.dist
INFO [2020-04-07 11:03:32] c(0.055, 0.055, 0.085)
INFO [2020-04-07 11:03:32] 
INFO [2020-04-07 11:03:32] $cat.fontfamily
INFO [2020-04-07 11:03:32] [1] "sans"
INFO [2020-04-07 11:03:32] 
INFO [2020-04-07 11:03:32] $rotation
INFO [2020-04-07 11:03:32] [1] 1
INFO [2020-04-07 11:03:32] 
