Loading .Rprofile for the current workflowr project
This is workflowr version 1.6.1
Run ?workflowr for help getting started
Loading required package: slam
Loading required package: methods

Attaching package: ‘cowplot’

The following object is masked from ‘package:ggplot2’:

    ggsave


Attaching package: ‘maptpx’

The following objects are masked from ‘package:classtpx’:

    expit, logit, rdir, stm_tfidf

Loading required package: SummarizedExperiment
Loading required package: GenomicRanges
Loading required package: stats4
Loading required package: BiocGenerics
Loading required package: parallel

Attaching package: ‘BiocGenerics’

The following objects are masked from ‘package:parallel’:

    clusterApply, clusterApplyLB, clusterCall, clusterEvalQ,
    clusterExport, clusterMap, parApply, parCapply, parLapply,
    parLapplyLB, parRapply, parSapply, parSapplyLB

The following object is masked from ‘package:maptpx’:

    normalize

The following objects are masked from ‘package:stats’:

    IQR, mad, sd, var, xtabs

The following objects are masked from ‘package:base’:

    anyDuplicated, append, as.data.frame, cbind, colMeans, colnames,
    colSums, do.call, duplicated, eval, evalq, Filter, Find, get, grep,
    grepl, intersect, is.unsorted, lapply, lengths, Map, mapply, match,
    mget, order, paste, pmax, pmax.int, pmin, pmin.int, Position, rank,
    rbind, Reduce, rowMeans, rownames, rowSums, sapply, setdiff, sort,
    table, tapply, union, unique, unsplit, which, which.max, which.min

Loading required package: S4Vectors

Attaching package: ‘S4Vectors’

The following object is masked from ‘package:base’:

    expand.grid

Loading required package: IRanges
Loading required package: GenomeInfoDb
Loading required package: Biobase
Welcome to Bioconductor

    Vignettes contain introductory material; view with
    'browseVignettes()'. To cite Bioconductor, see
    'citation("Biobase")', and for packages 'citation("pkgname")'.

Loading required package: DelayedArray
Loading required package: matrixStats

Attaching package: ‘matrixStats’

The following objects are masked from ‘package:Biobase’:

    anyMissing, rowMedians


Attaching package: ‘DelayedArray’

The following objects are masked from ‘package:matrixStats’:

    colMaxs, colMins, colRanges, rowMaxs, rowMins, rowRanges

The following object is masked from ‘package:base’:

    apply


Attaching package: ‘SummarizedExperiment’

The following object is masked from ‘package:Seurat’:

    Assays


Attaching package: ‘MAST’

The following object is masked from ‘package:stats’:

    filter


Attaching package: ‘gplots’

The following object is masked from ‘package:IRanges’:

    space

The following object is masked from ‘package:S4Vectors’:

    space

The following object is masked from ‘package:stats’:

    lowess

Error in (-npoint):0 : NA/NaN argument
Calls: <Anonymous> -> thetaSelect -> do.call -> lapply -> FUN
In addition: Warning messages:
1: In if (shrink & shrink.method == 2) { :
  the condition has length > 1 and only the first element will be used
2: In if (shrink & shrink.method == 1) { :
  the condition has length > 1 and only the first element will be used
Execution halted
