Note that the current default version of R is 3.6.1.
annot: /project2/gilad/anthonyhung/Projects/OAStrain_project/SLDSR-SEG/annot/ldscores/baseline_gene_MAF_LD
1
Annotations included: 
 [1] "CHR"                          "BP"                          
 [3] "SNP"                          "CM"                          
 [5] "base"                         "Coding_UCSC"                 
 [7] "Coding_UCSC.extend.500"       "UTR_5_UCSC"                  
 [9] "UTR_5_UCSC.extend.500"        "UTR_3_UCSC"                  
[11] "UTR_3_UCSC.extend.500"        "Intron_UCSC"                 
[13] "Intron_UCSC.extend.500"       "Promoter_UCSC"               
[15] "Promoter_UCSC.extend.500"     "MAFbin1"                     
[17] "MAFbin2"                      "MAFbin3"                     
[19] "MAFbin4"                      "MAFbin5"                     
[21] "MAFbin6"                      "MAFbin7"                     
[23] "MAFbin8"                      "MAFbin9"                     
[25] "MAFbin10"                     "MAF_Adj_Predicted_Allele_Age"
[27] "MAF_Adj_LLD_AFR"              "Recomb_Rate_10kb"            
[29] "Nucleotide_Diversity_10kb"    "Backgrd_Selection_Stat"      
[31] "CpG_Content_50kb"            
CHR	BP	SNP	CM	base	Coding_UCSC	Coding_UCSC.extend.500	UTR_5_UCSC	UTR_5_UCSC.extend.500	UTR_3_UCSC	UTR_3_UCSC.extend.500	Intron_UCSC	Intron_UCSC.extend.500	Promoter_UCSC	Promoter_UCSC.extend.500	MAFbin1	MAFbin2	MAFbin3	MAFbin4	MAFbin5	MAFbin6	MAFbin7	MAFbin8	MAFbin9	MAFbin10	MAF_Adj_Predicted_Allele_Age	MAF_Adj_LLD_AFR	Recomb_Rate_10kb	Nucleotide_Diversity_10kb	Backgrd_Selection_Stat	CpG_Content_50kb
1	11008	rs575272151	0	1	0	0	0	0	0	0	0	0	1	1	0	1	0	0	0	0	0	0	0	0	0	-1.027613	0	1.8	0.006	0.01424
Computing LD scores with the annot file baseline_gene_MAF_LD.1.annot.gz
/tmp/slurmd/job5889055/slurm_script: line 16: 29422 Bus error               python2 /project2/gilad/anthonyhung/Projects/ldsc/ldsc.py --l2 --bfile /project2/gilad/anthonyhung/Projects/OAStrain_project/SLDSR-SEG/1000G_EUR_Phase3_plink/1000G.EUR.QC.${chrom} --print-snps /project2/gilad/anthonyhung/Projects/OAStrain_project/SLDSR-SEG/listHM3.txt --ld-wind-cm 1 --annot ${dir_ldscore}/${name_annot}/${name_annot}.${chrom}.annot.gz --out ${dir_ldscore}/${name_annot}/${name_annot}.${chrom}
2
Annotations included: 
 [1] "CHR"                          "BP"                          
 [3] "SNP"                          "CM"                          
 [5] "base"                         "Coding_UCSC"                 
 [7] "Coding_UCSC.extend.500"       "UTR_5_UCSC"                  
 [9] "UTR_5_UCSC.extend.500"        "UTR_3_UCSC"                  
[11] "UTR_3_UCSC.extend.500"        "Intron_UCSC"                 
[13] "Intron_UCSC.extend.500"       "Promoter_UCSC"               
[15] "Promoter_UCSC.extend.500"     "MAFbin1"                     
[17] "MAFbin2"                      "MAFbin3"                     
[19] "MAFbin4"                      "MAFbin5"                     
[21] "MAFbin6"                      "MAFbin7"                     
[23] "MAFbin8"                      "MAFbin9"                     
[25] "MAFbin10"                     "MAF_Adj_Predicted_Allele_Age"
[27] "MAF_Adj_LLD_AFR"              "Recomb_Rate_10kb"            
[29] "Nucleotide_Diversity_10kb"    "Backgrd_Selection_Stat"      
[31] "CpG_Content_50kb"            
CHR	BP	SNP	CM	base	Coding_UCSC	Coding_UCSC.extend.500	UTR_5_UCSC	UTR_5_UCSC.extend.500	UTR_3_UCSC	UTR_3_UCSC.extend.500	Intron_UCSC	Intron_UCSC.extend.500	Promoter_UCSC	Promoter_UCSC.extend.500	MAFbin1	MAFbin2	MAFbin3	MAFbin4	MAFbin5	MAFbin6	MAFbin7	MAFbin8	MAFbin9	MAFbin10	MAF_Adj_Predicted_Allele_Age	MAF_Adj_LLD_AFR	Recomb_Rate_10kb	Nucleotide_Diversity_10kb	Backgrd_Selection_Stat	CpG_Content_50kb
2	10188	rs550428710	-0.0014153337	1	0	0	0	0	0	0	0	0	0	0	0	0	0	0	0	0	0	0	0	0	0	0	0.4091694	6.6	0.018	0.01496
Computing LD scores with the annot file baseline_gene_MAF_LD.2.annot.gz
